0	1	mikroCARM.exe -MSF -DBG -pSTM32F103R6 -BIN -LHF -DL -SSA -O11111114 -fo16 -N"C:\Users\s_k_a\Desktop\dispositivos programables\Dispositivos-programables\DSP02_GPIO_Display\DSP02_GPIO_Display.mcpar" -SP"D:\Programas\mikroC PRO for ARM\Defs\" -SP"D:\Programas\mikroC PRO for ARM\Uses\ST M3\" -SP"C:\Users\s_k_a\Desktop\dispositivos programables\Dispositivos-programables\DSP02_GPIO_Display\" -IP"D:\Programas\mikroC PRO for ARM\Uses\ST M3\" -IP"C:\Users\s_k_a\Desktop\dispositivos programables\Dispositivos-programables\DSP02_GPIO_Display\" "DSP02_GPIO_Display.c" "__Lib_Math.emcl" "__Lib_MathDouble.emcl" "__Lib_Delays.emcl" "__Lib_System_101_102_103.emcl" "__Lib_GPIO_32F10x_Defs.emcl" "__Lib_GPIO_32F10x.emcl" "__Lib_CString.emcl"	 
diagnostics: 0	122	Compilation Started	config.h
warning: 42	1505	Suspicious pointer conversion	DSP02_GPIO_Display.c
warning: 54	1505	Suspicious pointer conversion	DSP02_GPIO_Display.c
warning: 66	1505	Suspicious pointer conversion	DSP02_GPIO_Display.c
warning: 81	1505	Suspicious pointer conversion	DSP02_GPIO_Display.c
warning: 88	1505	Suspicious pointer conversion	DSP02_GPIO_Display.c
warning: 94	1505	Suspicious pointer conversion	DSP02_GPIO_Display.c
diagnostics: 103	123	Compiled Successfully	DSP02_GPIO_Display.c
hint: 18	1164	Variable 'num_2' has been eliminated by optimizer	DSP02_GPIO_Display.c
hint: 42	1164	Variable 'maximo' has been eliminated by optimizer	DSP02_GPIO_Display.c
hint: 41	1164	Variable 'nombre' has been eliminated by optimizer	DSP02_GPIO_Display.c
hint: 54	1164	Variable 'maximo' has been eliminated by optimizer	DSP02_GPIO_Display.c
hint: 53	1164	Variable 'nombre' has been eliminated by optimizer	DSP02_GPIO_Display.c
hint: 66	1164	Variable 'maximo' has been eliminated by optimizer	DSP02_GPIO_Display.c
hint: 65	1164	Variable 'nombre' has been eliminated by optimizer	DSP02_GPIO_Display.c
diagnostics: 0	127	All files Compiled in 125 ms	 
hint: 0	1144	Used RX: 16 (100%)   Free RX: 0 (0%)	Used RX: 16 (100%)   Free RX: 0 (0%)
hint: 0	1144	Static RAM (bytes): 16   Dynamic RAM (bytes): 10221	Static RAM (bytes): 16   Dynamic RAM (bytes): 10221
hint: 0	1144	Used ROM (bytes): 2678 (8%)  Free ROM (bytes): 30090 (92%)	Used ROM (bytes): 2678 (8%)  Free ROM (bytes): 30090 (92%)
diagnostics: 0	125	Project Linked Successfully	DSP02_GPIO_Display.mcpar
diagnostics: 0	128	Linked in 343 ms	 
diagnostics: 0	129	Project 'DSP02_GPIO_Display.mcpar' completed: 656 ms	 
diagnostics: 0	103	Finished successfully: 26 ago. 2022, 10:11:00	DSP02_GPIO_Display.mcpar
